2018-01-23 09:51:05,259 [main] DEBUG [com.gargoylesoftware.htmlunit.WebClient] - Get page for window named '', using WebRequest[<url="http://www.baidu.com/", GET, EncodingType[name=application/x-www-form-urlencoded], [], {Accept=text/html,application/xhtml+xml,application/xml;q=0.9,*/*;q=0.8, Accept-Encoding=gzip, deflate}, null>]
2018-01-23 09:51:05,271 [main] DEBUG [com.gargoylesoftware.htmlunit.WebClient] - Load response for GET http://www.baidu.com/
2018-01-23 09:51:06,055 [main] DEBUG [org.apache.http.client.protocol.RequestAddCookies] - CookieSpec selected: mine
2018-01-23 09:51:06,071 [main] DEBUG [org.apache.http.impl.conn.PoolingHttpClientConnectionManager] - Connection request: [route: {}->http://59.110.52.236:80->http://www.baidu.com:80][total kept alive: 0; route allocated: 0 of 6; total allocated: 0 of 20]
2018-01-23 09:51:06,093 [main] DEBUG [org.apache.http.impl.conn.PoolingHttpClientConnectionManager] - Connection leased: [id: 0][route: {}->http://59.110.52.236:80->http://www.baidu.com:80][total kept alive: 0; route allocated: 1 of 6; total allocated: 1 of 20]
2018-01-23 09:51:06,095 [main] DEBUG [org.apache.http.impl.execchain.MainClientExec] - Opening connection {}->http://59.110.52.236:80->http://www.baidu.com:80
2018-01-23 09:51:06,098 [main] DEBUG [org.apache.http.impl.conn.DefaultHttpClientConnectionOperator] - Connecting to /59.110.52.236:80
2018-01-23 09:51:11,291 [main] DEBUG [org.apache.http.impl.conn.DefaultHttpClientConnectionOperator] - Connection established 192.168.0.42:59167<->59.110.52.236:80
2018-01-23 09:51:11,294 [main] DEBUG [org.apache.http.impl.conn.DefaultManagedHttpClientConnection] - http-outgoing-0: set socket timeout to 90000
2018-01-23 09:51:11,294 [main] DEBUG [org.apache.http.impl.execchain.MainClientExec] - Executing request GET http://www.baidu.com/ HTTP/1.1
2018-01-23 09:51:11,294 [main] DEBUG [org.apache.http.impl.execchain.MainClientExec] - Target auth state: UNCHALLENGED
2018-01-23 09:51:11,294 [main] DEBUG [org.apache.http.impl.execchain.MainClientExec] - Proxy auth state: UNCHALLENGED
2018-01-23 09:51:11,297 [main] DEBUG [org.apache.http.headers] - http-outgoing-0 >> GET http://www.baidu.com/ HTTP/1.1
2018-01-23 09:51:11,297 [main] DEBUG [org.apache.http.headers] - http-outgoing-0 >> Host: www.baidu.com
2018-01-23 09:51:11,297 [main] DEBUG [org.apache.http.headers] - http-outgoing-0 >> User-Agent: Mozilla/5.0 (Windows NT 6.1; rv:52.0) Gecko/20100101 Firefox/52.0
2018-01-23 09:51:11,297 [main] DEBUG [org.apache.http.headers] - http-outgoing-0 >> Accept: text/html,application/xhtml+xml,application/xml;q=0.9,*/*;q=0.8
2018-01-23 09:51:11,297 [main] DEBUG [org.apache.http.headers] - http-outgoing-0 >> Accept-Language: en-US
2018-01-23 09:51:11,297 [main] DEBUG [org.apache.http.headers] - http-outgoing-0 >> Accept-Encoding: gzip, deflate
2018-01-23 09:51:11,298 [main] DEBUG [org.apache.http.headers] - http-outgoing-0 >> Proxy-Connection: Keep-Alive
2018-01-23 09:51:11,298 [main] DEBUG [org.apache.http.wire] - http-outgoing-0 >> "GET http://www.baidu.com/ HTTP/1.1[\r][\n]"
2018-01-23 09:51:11,298 [main] DEBUG [org.apache.http.wire] - http-outgoing-0 >> "Host: www.baidu.com[\r][\n]"
2018-01-23 09:51:11,298 [main] DEBUG [org.apache.http.wire] - http-outgoing-0 >> "User-Agent: Mozilla/5.0 (Windows NT 6.1; rv:52.0) Gecko/20100101 Firefox/52.0[\r][\n]"
2018-01-23 09:51:11,298 [main] DEBUG [org.apache.http.wire] - http-outgoing-0 >> "Accept: text/html,application/xhtml+xml,application/xml;q=0.9,*/*;q=0.8[\r][\n]"
2018-01-23 09:51:11,298 [main] DEBUG [org.apache.http.wire] - http-outgoing-0 >> "Accept-Language: en-US[\r][\n]"
2018-01-23 09:51:11,298 [main] DEBUG [org.apache.http.wire] - http-outgoing-0 >> "Accept-Encoding: gzip, deflate[\r][\n]"
2018-01-23 09:51:11,298 [main] DEBUG [org.apache.http.wire] - http-outgoing-0 >> "Proxy-Connection: Keep-Alive[\r][\n]"
2018-01-23 09:51:11,298 [main] DEBUG [org.apache.http.wire] - http-outgoing-0 >> "[\r][\n]"
2018-01-23 09:51:11,346 [main] DEBUG [org.apache.http.wire] - http-outgoing-0 << "HTTP/1.1 302 Found[\r][\n]"
2018-01-23 09:51:11,346 [main] DEBUG [org.apache.http.wire] - http-outgoing-0 << "Server: Apache-Coyote/1.1[\r][\n]"
2018-01-23 09:51:11,346 [main] DEBUG [org.apache.http.wire] - http-outgoing-0 << "Cache-Control: no-cache[\r][\n]"
2018-01-23 09:51:11,346 [main] DEBUG [org.apache.http.wire] - http-outgoing-0 << "Pragma: no-cache[\r][\n]"
2018-01-23 09:51:11,347 [main] DEBUG [org.apache.http.wire] - http-outgoing-0 << "Expires: Wed, 31 Dec 1969 23:59:59 GMT[\r][\n]"
2018-01-23 09:51:11,347 [main] DEBUG [org.apache.http.wire] - http-outgoing-0 << "Set-Cookie: JSESSIONID=21C2CE7B64C2E42B5B18CAA9FABB332A; Path=/; HttpOnly[\r][\n]"
2018-01-23 09:51:11,347 [main] DEBUG [org.apache.http.wire] - http-outgoing-0 << "Location: http://www.baidu.com/index-web.jsp[\r][\n]"
2018-01-23 09:51:11,347 [main] DEBUG [org.apache.http.wire] - http-outgoing-0 << "Content-Type: text/html;charset=UTF-8[\r][\n]"
2018-01-23 09:51:11,347 [main] DEBUG [org.apache.http.wire] - http-outgoing-0 << "Content-Length: 0[\r][\n]"
2018-01-23 09:51:11,347 [main] DEBUG [org.apache.http.wire] - http-outgoing-0 << "Date: Tue, 23 Jan 2018 01:51:09 GMT[\r][\n]"
2018-01-23 09:51:11,347 [main] DEBUG [org.apache.http.wire] - http-outgoing-0 << "[\r][\n]"
2018-01-23 09:51:11,350 [main] DEBUG [org.apache.http.headers] - http-outgoing-0 << HTTP/1.1 302 Found
2018-01-23 09:51:11,350 [main] DEBUG [org.apache.http.headers] - http-outgoing-0 << Server: Apache-Coyote/1.1
2018-01-23 09:51:11,350 [main] DEBUG [org.apache.http.headers] - http-outgoing-0 << Cache-Control: no-cache
2018-01-23 09:51:11,350 [main] DEBUG [org.apache.http.headers] - http-outgoing-0 << Pragma: no-cache
2018-01-23 09:51:11,350 [main] DEBUG [org.apache.http.headers] - http-outgoing-0 << Expires: Wed, 31 Dec 1969 23:59:59 GMT
2018-01-23 09:51:11,350 [main] DEBUG [org.apache.http.headers] - http-outgoing-0 << Set-Cookie: JSESSIONID=21C2CE7B64C2E42B5B18CAA9FABB332A; Path=/; HttpOnly
2018-01-23 09:51:11,351 [main] DEBUG [org.apache.http.headers] - http-outgoing-0 << Location: http://www.baidu.com/index-web.jsp
2018-01-23 09:51:11,351 [main] DEBUG [org.apache.http.headers] - http-outgoing-0 << Content-Type: text/html;charset=UTF-8
2018-01-23 09:51:11,351 [main] DEBUG [org.apache.http.headers] - http-outgoing-0 << Content-Length: 0
2018-01-23 09:51:11,351 [main] DEBUG [org.apache.http.headers] - http-outgoing-0 << Date: Tue, 23 Jan 2018 01:51:09 GMT
2018-01-23 09:51:11,353 [main] DEBUG [org.apache.http.impl.execchain.MainClientExec] - Connection can be kept alive indefinitely
2018-01-23 09:51:11,354 [main] DEBUG [org.apache.http.impl.conn.PoolingHttpClientConnectionManager] - Connection [id: 0][route: {}->http://59.110.52.236:80->http://www.baidu.com:80] can be kept alive indefinitely
2018-01-23 09:51:11,354 [main] DEBUG [org.apache.http.impl.conn.PoolingHttpClientConnectionManager] - Connection released: [id: 0][route: {}->http://59.110.52.236:80->http://www.baidu.com:80][total kept alive: 1; route allocated: 1 of 6; total allocated: 1 of 20]
2018-01-23 09:51:11,369 [main] DEBUG [org.apache.http.client.protocol.ResponseProcessCookies] - Cookie accepted [JSESSIONID="21C2CE7B64C2E42B5B18CAA9FABB332A", version:0, domain:www.baidu.com, path:/, expiry:null]
2018-01-23 09:51:11,393 [main] DEBUG [com.gargoylesoftware.htmlunit.WebClient] - Got a redirect status code [302] new location = [http://www.baidu.com/index-web.jsp]
2018-01-23 09:51:11,394 [main] DEBUG [com.gargoylesoftware.htmlunit.WebClient] - Load response for GET http://www.baidu.com/index-web.jsp
2018-01-23 09:51:11,395 [main] DEBUG [org.apache.http.client.protocol.RequestAddCookies] - CookieSpec selected: mine
2018-01-23 09:51:11,396 [main] DEBUG [org.apache.http.client.protocol.RequestAddCookies] - Cookie [version: 0][name: JSESSIONID][value: 21C2CE7B64C2E42B5B18CAA9FABB332A][domain: www.baidu.com][path: /][expiry: null] match [www.baidu.com:80/index-web.jsp]
2018-01-23 09:51:11,397 [main] DEBUG [org.apache.http.impl.conn.PoolingHttpClientConnectionManager] - Connection request: [route: {}->http://59.110.52.236:80->http://www.baidu.com:80][total kept alive: 1; route allocated: 1 of 6; total allocated: 1 of 20]
2018-01-23 09:51:11,397 [main] DEBUG [org.apache.http.impl.conn.PoolingHttpClientConnectionManager] - Connection leased: [id: 0][route: {}->http://59.110.52.236:80->http://www.baidu.com:80][total kept alive: 0; route allocated: 1 of 6; total allocated: 1 of 20]
2018-01-23 09:51:11,397 [main] DEBUG [org.apache.http.impl.conn.DefaultManagedHttpClientConnection] - http-outgoing-0: set socket timeout to 90000
2018-01-23 09:51:11,397 [main] DEBUG [org.apache.http.impl.execchain.MainClientExec] - Executing request GET http://www.baidu.com/index-web.jsp HTTP/1.1
2018-01-23 09:51:11,397 [main] DEBUG [org.apache.http.impl.execchain.MainClientExec] - Target auth state: UNCHALLENGED
2018-01-23 09:51:11,397 [main] DEBUG [org.apache.http.impl.execchain.MainClientExec] - Proxy auth state: UNCHALLENGED
2018-01-23 09:51:11,398 [main] DEBUG [org.apache.http.headers] - http-outgoing-0 >> GET http://www.baidu.com/index-web.jsp HTTP/1.1
2018-01-23 09:51:11,398 [main] DEBUG [org.apache.http.headers] - http-outgoing-0 >> Host: www.baidu.com
2018-01-23 09:51:11,398 [main] DEBUG [org.apache.http.headers] - http-outgoing-0 >> User-Agent: Mozilla/5.0 (Windows NT 6.1; rv:52.0) Gecko/20100101 Firefox/52.0
2018-01-23 09:51:11,398 [main] DEBUG [org.apache.http.headers] - http-outgoing-0 >> Accept: text/html,application/xhtml+xml,application/xml;q=0.9,*/*;q=0.8
2018-01-23 09:51:11,398 [main] DEBUG [org.apache.http.headers] - http-outgoing-0 >> Accept-Language: en-US
2018-01-23 09:51:11,398 [main] DEBUG [org.apache.http.headers] - http-outgoing-0 >> Accept-Encoding: gzip, deflate
2018-01-23 09:51:11,398 [main] DEBUG [org.apache.http.headers] - http-outgoing-0 >> Cookie: JSESSIONID=21C2CE7B64C2E42B5B18CAA9FABB332A
2018-01-23 09:51:11,398 [main] DEBUG [org.apache.http.headers] - http-outgoing-0 >> Proxy-Connection: Keep-Alive
2018-01-23 09:51:11,398 [main] DEBUG [org.apache.http.wire] - http-outgoing-0 >> "GET http://www.baidu.com/index-web.jsp HTTP/1.1[\r][\n]"
2018-01-23 09:51:11,398 [main] DEBUG [org.apache.http.wire] - http-outgoing-0 >> "Host: www.baidu.com[\r][\n]"
2018-01-23 09:51:11,398 [main] DEBUG [org.apache.http.wire] - http-outgoing-0 >> "User-Agent: Mozilla/5.0 (Windows NT 6.1; rv:52.0) Gecko/20100101 Firefox/52.0[\r][\n]"
2018-01-23 09:51:11,398 [main] DEBUG [org.apache.http.wire] - http-outgoing-0 >> "Accept: text/html,application/xhtml+xml,application/xml;q=0.9,*/*;q=0.8[\r][\n]"
2018-01-23 09:51:11,398 [main] DEBUG [org.apache.http.wire] - http-outgoing-0 >> "Accept-Language: en-US[\r][\n]"
2018-01-23 09:51:11,401 [main] DEBUG [org.apache.http.wire] - http-outgoing-0 >> "Accept-Encoding: gzip, deflate[\r][\n]"
2018-01-23 09:51:11,401 [main] DEBUG [org.apache.http.wire] - http-outgoing-0 >> "Cookie: JSESSIONID=21C2CE7B64C2E42B5B18CAA9FABB332A[\r][\n]"
2018-01-23 09:51:11,401 [main] DEBUG [org.apache.http.wire] - http-outgoing-0 >> "Proxy-Connection: Keep-Alive[\r][\n]"
2018-01-23 09:51:11,401 [main] DEBUG [org.apache.http.wire] - http-outgoing-0 >> "[\r][\n]"
2018-01-23 09:51:11,811 [main] DEBUG [org.apache.http.wire] - http-outgoing-0 << "HTTP/1.1 200 OK[\r][\n]"
2018-01-23 09:51:11,811 [main] DEBUG [org.apache.http.wire] - http-outgoing-0 << "Server: Apache-Coyote/1.1[\r][\n]"
2018-01-23 09:51:11,811 [main] DEBUG [org.apache.http.wire] - http-outgoing-0 << "Cache-Control: no-cache[\r][\n]"
2018-01-23 09:51:11,811 [main] DEBUG [org.apache.http.wire] - http-outgoing-0 << "Pragma: no-cache[\r][\n]"
2018-01-23 09:51:11,812 [main] DEBUG [org.apache.http.wire] - http-outgoing-0 << "Expires: Wed, 31 Dec 1969 23:59:59 GMT[\r][\n]"
2018-01-23 09:51:11,812 [main] DEBUG [org.apache.http.wire] - http-outgoing-0 << "Content-Type: text/html;charset=UTF-8[\r][\n]"
2018-01-23 09:51:11,812 [main] DEBUG [org.apache.http.wire] - http-outgoing-0 << "Transfer-Encoding: chunked[\r][\n]"
2018-01-23 09:51:11,812 [main] DEBUG [org.apache.http.wire] - http-outgoing-0 << "Date: Tue, 23 Jan 2018 01:51:09 GMT[\r][\n]"
2018-01-23 09:51:11,812 [main] DEBUG [org.apache.http.wire] - http-outgoing-0 << "[\r][\n]"
2018-01-23 09:51:11,812 [main] DEBUG [org.apache.http.wire] - http-outgoing-0 << "2000[\r][\n]"
2018-01-23 09:51:11,812 [main] DEBUG [org.apache.http.wire] - http-outgoing-0 << "[\r][\n]"
2018-01-23 09:51:11,812 [main] DEBUG [org.apache.http.wire] - http-outgoing-0 << "[\r][\n]"
2018-01-23 09:51:11,812 [main] DEBUG [org.apache.http.wire] - http-outgoing-0 << "[\r][\n]"
2018-01-23 09:51:11,812 [main] DEBUG [org.apache.http.wire] - http-outgoing-0 << "[\r][\n]"
2018-01-23 09:51:11,812 [main] DEBUG [org.apache.http.wire] - http-outgoing-0 << "[\r][\n]"
2018-01-23 09:51:11,812 [main] DEBUG [org.apache.http.wire] - http-outgoing-0 << "[\r][\n]"
2018-01-23 09:51:11,813 [main] DEBUG [org.apache.http.wire] - http-outgoing-0 << "[\r][\n]"
2018-01-23 09:51:11,813 [main] DEBUG [org.apache.http.wire] - http-outgoing-0 << "[\r][\n]"
2018-01-23 09:51:11,813 [main] DEBUG [org.apache.http.wire] - http-outgoing-0 << "[\r][\n]"
2018-01-23 09:51:11,813 [main] DEBUG [org.apache.http.wire] - http-outgoing-0 << "  [\r][\n]"
2018-01-23 09:51:11,813 [main] DEBUG [org.apache.http.wire] - http-outgoing-0 << "[\r][\n]"
2018-01-23 09:51:11,813 [main] DEBUG [org.apache.http.wire] - http-outgoing-0 << "[\r][\n]"
2018-01-23 09:51:11,813 [main] DEBUG [org.apache.http.wire] - http-outgoing-0 << "[\r][\n]"
2018-01-23 09:51:11,813 [main] DEBUG [org.apache.http.wire] - http-outgoing-0 << "[\r][\n]"
2018-01-23 09:51:11,813 [main] DEBUG [org.apache.http.wire] - http-outgoing-0 << "[\r][\n]"
2018-01-23 09:51:11,813 [main] DEBUG [org.apache.http.wire] - http-outgoing-0 << "[\r][\n]"
2018-01-23 09:51:11,813 [main] DEBUG [org.apache.http.wire] - http-outgoing-0 << "<!DOCTYPE html>[\r][\n]"
2018-01-23 09:51:11,813 [main] DEBUG [org.apache.http.wire] - http-outgoing-0 << "<html lang="zh-cn">[\r][\n]"
2018-01-23 09:51:11,814 [main] DEBUG [org.apache.http.wire] - http-outgoing-0 << "<head>[\r][\n]"
2018-01-23 09:51:11,814 [main] DEBUG [org.apache.http.wire] - http-outgoing-0 << "<meta charset="UTF-8">[\r][\n]"
2018-01-23 09:51:11,814 [main] DEBUG [org.apache.http.wire] - http-outgoing-0 << "<meta name="keywords" content="[0xe4][0xba][0x92][0xe8][0x81][0x94][0xe7][0xbd][0x91][0xe9][0x87][0x91][0xe8][0x9e][0x8d]">[\r][\n]"
2018-01-23 09:51:11,814 [main] DEBUG [org.apache.http.wire] - http-outgoing-0 << "<meta name="description" content="">[\r][\n]"
2018-01-23 09:51:11,814 [main] DEBUG [org.apache.http.wire] - http-outgoing-0 << "<title>[0xe4][0xba][0x91][0xe6][0x99][0xba][0xe6][0x85][0xa7][0xe9][0x87][0x91][0xe8][0x9e][0x8d] - [0xe9][0xa6][0x96][0xe9][0xa1][0xb5]</title>[\r][\n]"
2018-01-23 09:51:11,814 [main] DEBUG [org.apache.http.wire] - http-outgoing-0 << "[\r][\n]"
2018-01-23 09:51:11,814 [main] DEBUG [org.apache.http.wire] - http-outgoing-0 << "[\r][\n]"
2018-01-23 09:51:11,815 [main] DEBUG [org.apache.http.wire] - http-outgoing-0 << "[\r][\n]"
2018-01-23 09:51:11,815 [main] DEBUG [org.apache.http.wire] - http-outgoing-0 << "[\r][\n]"
2018-01-23 09:51:11,815 [main] DEBUG [org.apache.http.wire] - http-outgoing-0 << " [\r][\n]"
2018-01-23 09:51:11,815 [main] DEBUG [org.apache.http.wire] - http-outgoing-0 << "[\r][\n]"
2018-01-23 09:51:11,815 [main] DEBUG [org.apache.http.wire] - http-outgoing-0 << "[\r][\n]"
2018-01-23 09:51:11,815 [main] DEBUG [org.apache.http.wire] - http-outgoing-0 << "[\r][\n]"
2018-01-23 09:51:11,815 [main] DEBUG [org.apache.http.wire] - http-outgoing-0 << "  [\r][\n]"
2018-01-23 09:51:11,815 [main] DEBUG [org.apache.http.wire] - http-outgoing-0 << "[\r][\n]"
2018-01-23 09:51:11,815 [main] DEBUG [org.apache.http.wire] - http-outgoing-0 << "[\r][\n]"
2018-01-23 09:51:11,815 [main] DEBUG [org.apache.http.wire] - http-outgoing-0 << "[\r][\n]"
2018-01-23 09:51:11,815 [main] DEBUG [org.apache.http.wire] - http-outgoing-0 << "[\r][\n]"
2018-01-23 09:51:11,815 [main] DEBUG [org.apache.http.wire] - http-outgoing-0 << "[\r][\n]"
2018-01-23 09:51:11,815 [main] DEBUG [org.apache.http.wire] - http-outgoing-0 << "[\r][\n]"
2018-01-23 09:51:11,815 [main] DEBUG [org.apache.http.wire] - http-outgoing-0 << "[\r][\n]"
2018-01-23 09:51:11,816 [main] DEBUG [org.apache.http.wire] - http-outgoing-0 << "[\r][\n]"
2018-01-23 09:51:11,816 [main] DEBUG [org.apache.http.wire] - http-outgoing-0 << "[0x9][\r][\n]"
2018-01-23 09:51:11,816 [main] DEBUG [org.apache.http.wire] - http-outgoing-0 << "[0x9][\r][\n]"
2018-01-23 09:51:11,816 [main] DEBUG [org.apache.http.wire] - http-outgoing-0 << "[\r][\n]"
2018-01-23 09:51:11,816 [main] DEBUG [org.apache.http.wire] - http-outgoing-0 << "<script type="text/javascript">[\r][\n]"
2018-01-23 09:51:11,816 [main] DEBUG [org.apache.http.wire] - http-outgoing-0 << "var _ctx="";[\r][\n]"
2018-01-23 09:51:11,816 [main] DEBUG [org.apache.http.wire] - http-outgoing-0 << "</script>[\r][\n]"
2018-01-23 09:51:11,816 [main] DEBUG [org.apache.http.wire] - http-outgoing-0 << "<script type="text/javascript" src="/js/jquery/jquery.js"></script>[\r][\n]"
2018-01-23 09:51:11,816 [main] DEBUG [org.apache.http.wire] - http-outgoing-0 << "<script type="text/javascript" src="/js/jquery/area.js"></script>[\r][\n]"
2018-01-23 09:51:11,816 [main] DEBUG [org.apache.http.wire] - http-outgoing-0 << "<script type="text/javascript" src="/js/jquery/location.js"></script>[\r][\n]"
2018-01-23 09:51:11,816 [main] DEBUG [org.apache.http.wire] - http-outgoing-0 << "<script type="text/javascript" src="/js/jquery/jquery.kinMaxShow-1.1.min.js"></script>[\r][\n]"
2018-01-23 09:51:11,816 [main] DEBUG [org.apache.http.wire] - http-outgoing-0 << "<script type="text/javascript" src="/webresources/component/artDialog/jquery.artDialog.js"></script>[\r][\n]"
2018-01-23 09:51:11,816 [main] DEBUG [org.apache.http.wire] - http-outgoing-0 << "<link rel="stylesheet" href="/webresources/component/artDialog/skins/default.css?4.1.6">[\r][\n]"
2018-01-23 09:51:11,817 [main] DEBUG [org.apache.http.wire] - http-outgoing-0 << "<script type="text/javascript" src="/webresources/component/artDialog/plugins/iframeTools.source.js"></script>[\r][\n]"
2018-01-23 09:51:11,817 [main] DEBUG [org.apache.http.wire] - http-outgoing-0 << "<script type="text/javascript" src="/js/deelon/dlajax.js"></script>[\r][\n]"
2018-01-23 09:51:11,817 [main] DEBUG [org.apache.http.wire] - http-outgoing-0 << "<link rel="stylesheet" href="/styles/p2p2015/Skin/Default/css/common.css">[\r][\n]"
2018-01-23 09:51:11,817 [main] DEBUG [org.apache.http.wire] - http-outgoing-0 << "<link rel="stylesheet" href=""
2018-01-23 09:51:11,817 [main] DEBUG [org.apache.http.headers] - http-outgoing-0 << HTTP/1.1 200 OK
2018-01-23 09:51:11,817 [main] DEBUG [org.apache.http.headers] - http-outgoing-0 << Server: Apache-Coyote/1.1
2018-01-23 09:51:11,817 [main] DEBUG [org.apache.http.headers] - http-outgoing-0 << Cache-Control: no-cache
2018-01-23 09:51:11,817 [main] DEBUG [org.apache.http.headers] - http-outgoing-0 << Pragma: no-cache
2018-01-23 09:51:11,817 [main] DEBUG [org.apache.http.headers] - http-outgoing-0 << Expires: Wed, 31 Dec 1969 23:59:59 GMT
2018-01-23 09:51:11,817 [main] DEBUG [org.apache.http.headers] - http-outgoing-0 << Content-Type: text/html;charset=UTF-8
2018-01-23 09:51:11,817 [main] DEBUG [org.apache.http.headers] - http-outgoing-0 << Transfer-Encoding: chunked
2018-01-23 09:51:11,817 [main] DEBUG [org.apache.http.headers] - http-outgoing-0 << Date: Tue, 23 Jan 2018 01:51:09 GMT
2018-01-23 09:51:11,818 [main] DEBUG [org.apache.http.impl.execchain.MainClientExec] - Connection can be kept alive indefinitely
2018-01-23 09:52:41,821 [main] DEBUG [org.apache.http.wire] - http-outgoing-0 << "[read] I/O error: Read timed out"
2018-01-23 09:52:41,822 [main] DEBUG [org.apache.http.impl.conn.DefaultManagedHttpClientConnection] - http-outgoing-0: Close connection
2018-01-23 09:52:41,824 [main] DEBUG [org.apache.http.impl.execchain.MainClientExec] - Connection discarded
2018-01-23 09:52:41,824 [main] DEBUG [org.apache.http.impl.conn.PoolingHttpClientConnectionManager] - Connection released: [id: 0][route: {}->http://59.110.52.236:80->http://www.baidu.com:80][total kept alive: 0; route allocated: 0 of 6; total allocated: 0 of 20]
