2018-01-23 09:14:32,833 [main] ERROR [com.gargoylesoftware.htmlunit.javascript.StrictErrorReporter] - runtimeError: message=[An invalid or illegal selector was specified (selector: '*,:x' error: Invalid selector: :x).] sourceName=[http://blog.java1234.com/static/bootstrap3/js/jquery-1.11.2.min.js] line=[2] lineSource=[null] lineOffset=[0]
2018-01-23 09:15:03,338 [main] ERROR [com.gargoylesoftware.htmlunit.javascript.StrictErrorReporter] - runtimeError: message=[An invalid or illegal selector was specified (selector: '*,:x' error: Invalid selector: :x).] sourceName=[http://blog.java1234.com/static/bootstrap3/js/jquery-1.11.2.min.js] line=[2] lineSource=[null] lineOffset=[0]
2018-01-23 09:33:30,595 [main] ERROR [com.gargoylesoftware.htmlunit.javascript.StrictErrorReporter] - runtimeError: message=[An invalid or illegal selector was specified (selector: '*,:x' error: Invalid selector: :x).] sourceName=[https://ss1.bdstatic.com/5eN1bjq8AAUYm2zgoY3K/r/www/cache/static/protocol/https/jquery/jquery-1.10.2.min_65682a2.js] line=[48] lineSource=[null] lineOffset=[0]
2018-01-23 09:34:52,565 [main] ERROR [com.gargoylesoftware.htmlunit.javascript.DefaultJavaScriptErrorListener] - Error loading JavaScript from [http://bdimg.share.baidu.com/static/api/js/share.js?cdnversion=421296].
com.gargoylesoftware.htmlunit.FailingHttpStatusCodeException: 404 Not Found for http://bdimg.share.baidu.com/static/api/js/share.js?cdnversion=421296
	at com.gargoylesoftware.htmlunit.WebClient.throwFailingHttpStatusCodeExceptionIfNecessary(WebClient.java:579)
	at com.gargoylesoftware.htmlunit.html.HtmlPage.loadJavaScriptFromUrl(HtmlPage.java:1024)
	at com.gargoylesoftware.htmlunit.html.HtmlPage.loadExternalJavaScriptFile(HtmlPage.java:965)
	at com.gargoylesoftware.htmlunit.html.HtmlScript.executeScriptIfNeeded(HtmlScript.java:352)
	at com.gargoylesoftware.htmlunit.html.HtmlScript$2.execute(HtmlScript.java:239)
	at com.gargoylesoftware.htmlunit.javascript.JavaScriptEngine.doProcessPostponedActions(JavaScriptEngine.java:949)
	at com.gargoylesoftware.htmlunit.javascript.JavaScriptEngine.access$2(JavaScriptEngine.java:919)
	at com.gargoylesoftware.htmlunit.javascript.JavaScriptEngine$HtmlUnitContextAction.run(JavaScriptEngine.java:893)
	at net.sourceforge.htmlunit.corejs.javascript.Context.call(Context.java:637)
	at net.sourceforge.htmlunit.corejs.javascript.ContextFactory.call(ContextFactory.java:518)
	at com.gargoylesoftware.htmlunit.javascript.JavaScriptEngine.execute(JavaScriptEngine.java:778)
	at com.gargoylesoftware.htmlunit.javascript.JavaScriptEngine.execute(JavaScriptEngine.java:754)
	at com.gargoylesoftware.htmlunit.javascript.JavaScriptEngine.execute(JavaScriptEngine.java:742)
	at com.gargoylesoftware.htmlunit.html.HtmlPage.executeJavaScriptIfPossible(HtmlPage.java:909)
	at com.gargoylesoftware.htmlunit.html.HtmlScript.executeInlineScriptIfNeeded(HtmlScript.java:307)
	at com.gargoylesoftware.htmlunit.html.HtmlScript.executeScriptIfNeeded(HtmlScript.java:368)
	at com.gargoylesoftware.htmlunit.html.HtmlScript$2.execute(HtmlScript.java:239)
	at com.gargoylesoftware.htmlunit.html.HtmlScript.onAllChildrenAddedToPage(HtmlScript.java:258)
	at com.gargoylesoftware.htmlunit.html.HTMLParser$HtmlUnitDOMBuilder.endElement(HTMLParser.java:781)
	at org.apache.xerces.parsers.AbstractSAXParser.endElement(Unknown Source)
	at com.gargoylesoftware.htmlunit.html.HTMLParser$HtmlUnitDOMBuilder.endElement(HTMLParser.java:738)
	at net.sourceforge.htmlunit.cyberneko.HTMLTagBalancer.callEndElement(HTMLTagBalancer.java:1243)
	at net.sourceforge.htmlunit.cyberneko.HTMLTagBalancer.endElement(HTMLTagBalancer.java:1143)
	at net.sourceforge.htmlunit.cyberneko.filters.DefaultFilter.endElement(DefaultFilter.java:226)
	at net.sourceforge.htmlunit.cyberneko.filters.NamespaceBinder.endElement(NamespaceBinder.java:345)
	at net.sourceforge.htmlunit.cyberneko.HTMLScanner$ContentScanner.scanEndElement(HTMLScanner.java:3154)
	at net.sourceforge.htmlunit.cyberneko.HTMLScanner$ContentScanner.scan(HTMLScanner.java:2117)
	at net.sourceforge.htmlunit.cyberneko.HTMLScanner.scanDocument(HTMLScanner.java:945)
	at net.sourceforge.htmlunit.cyberneko.HTMLConfiguration.parse(HTMLConfiguration.java:521)
	at net.sourceforge.htmlunit.cyberneko.HTMLConfiguration.parse(HTMLConfiguration.java:472)
	at org.apache.xerces.parsers.XMLParser.parse(Unknown Source)
	at com.gargoylesoftware.htmlunit.html.HTMLParser$HtmlUnitDOMBuilder.parse(HTMLParser.java:988)
	at com.gargoylesoftware.htmlunit.html.HTMLParser.parse(HTMLParser.java:246)
	at com.gargoylesoftware.htmlunit.html.HTMLParser.parseHtml(HTMLParser.java:188)
	at com.gargoylesoftware.htmlunit.DefaultPageCreator.createHtmlPage(DefaultPageCreator.java:272)
	at com.gargoylesoftware.htmlunit.DefaultPageCreator.createPage(DefaultPageCreator.java:160)
	at com.gargoylesoftware.htmlunit.WebClient.loadWebResponseInto(WebClient.java:520)
	at com.gargoylesoftware.htmlunit.WebClient.getPage(WebClient.java:394)
	at com.gargoylesoftware.htmlunit.WebClient.getPage(WebClient.java:311)
	at com.gargoylesoftware.htmlunit.WebClient.getPage(WebClient.java:459)
	at com.gargoylesoftware.htmlunit.WebClient.getPage(WebClient.java:444)
	at com.test.HtmlUnit.HttpClientTest.testClient(HttpClientTest.java:49)
	at sun.reflect.NativeMethodAccessorImpl.invoke0(Native Method)
	at sun.reflect.NativeMethodAccessorImpl.invoke(NativeMethodAccessorImpl.java:62)
	at sun.reflect.DelegatingMethodAccessorImpl.invoke(DelegatingMethodAccessorImpl.java:43)
	at java.lang.reflect.Method.invoke(Method.java:498)
	at org.junit.runners.model.FrameworkMethod$1.runReflectiveCall(FrameworkMethod.java:50)
	at org.junit.internal.runners.model.ReflectiveCallable.run(ReflectiveCallable.java:12)
	at org.junit.runners.model.FrameworkMethod.invokeExplosively(FrameworkMethod.java:47)
	at org.junit.internal.runners.statements.InvokeMethod.evaluate(InvokeMethod.java:17)
	at org.junit.runners.ParentRunner.runLeaf(ParentRunner.java:325)
	at org.junit.runners.BlockJUnit4ClassRunner.runChild(BlockJUnit4ClassRunner.java:78)
	at org.junit.runners.BlockJUnit4ClassRunner.runChild(BlockJUnit4ClassRunner.java:57)
	at org.junit.runners.ParentRunner$3.run(ParentRunner.java:290)
	at org.junit.runners.ParentRunner$1.schedule(ParentRunner.java:71)
	at org.junit.runners.ParentRunner.runChildren(ParentRunner.java:288)
	at org.junit.runners.ParentRunner.access$000(ParentRunner.java:58)
	at org.junit.runners.ParentRunner$2.evaluate(ParentRunner.java:268)
	at org.junit.runners.ParentRunner.run(ParentRunner.java:363)
	at org.junit.runner.JUnitCore.run(JUnitCore.java:137)
	at com.intellij.junit4.JUnit4IdeaTestRunner.startRunnerWithArgs(JUnit4IdeaTestRunner.java:68)
	at com.intellij.rt.execution.junit.IdeaTestRunner$Repeater.startRunnerWithArgs(IdeaTestRunner.java:47)
	at com.intellij.rt.execution.junit.JUnitStarter.prepareStreamsAndStart(JUnitStarter.java:242)
	at com.intellij.rt.execution.junit.JUnitStarter.main(JUnitStarter.java:70)
